2013-09-02 16:06:35.677 DNN Times[1778:c07] Multi-tasking -> Device: YES, App: YES
2013-09-02 16:06:36.985 DNN Times[1778:c07] Resetting plugins due to page load.
2013-09-02 16:06:37.166 DNN Times[1778:c07] Finished load of: file:///Users/sumeetjain/Library/Application%20Support/iPhone%20Simulator/6.0/Applications/617EC01F-717A-4119-AC2D-0284043B4D6B/DNN%20Times.app/www/index.html
2013-09-02 16:06:37.167 DNN Times[1778:c07] Resetting plugins due to page load.
2013-09-02 16:06:37.735 DNN Times[1778:c07] Finished load of: file:///Users/sumeetjain/Library/Application%20Support/iPhone%20Simulator/6.0/Applications/617EC01F-717A-4119-AC2D-0284043B4D6B/DNN%20Times.app/www/main.html
2013-09-02 16:07:47.506 DNN Times[1778:c07] CDVWebViewDelegate: Navigation started when state=1
2013-09-02 16:07:47.507 DNN Times[1778:c07] Failed to load webpage with error: CDVWebViewDelegate: Navigation started when state=1
2013-09-02 16:07:47.555 DNN Times[1778:c07] Resetting plugins due to page load.
2013-09-02 16:07:47.961 DNN Times[1778:c07] Finished load of: http://dnn-times.com/public_lib/register_user
2013-09-02 16:10:20.975 DNN Times[2139:c07] Multi-tasking -> Device: YES, App: YES
2013-09-02 16:10:21.097 DNN Times[2139:c07] Resetting plugins due to page load.
2013-09-02 16:10:21.185 DNN Times[2139:c07] Finished load of: file:///Users/sumeetjain/Library/Application%20Support/iPhone%20Simulator/6.0/Applications/617EC01F-717A-4119-AC2D-0284043B4D6B/DNN%20Times.app/www/index.html
2013-09-02 16:10:21.186 DNN Times[2139:c07] Resetting plugins due to page load.
2013-09-02 16:10:21.326 DNN Times[2139:c07] Finished load of: file:///Users/sumeetjain/Library/Application%20Support/iPhone%20Simulator/6.0/Applications/617EC01F-717A-4119-AC2D-0284043B4D6B/DNN%20Times.app/www/main.html
2013-09-02 16:10:47.271 DNN Times[2139:c07] CDVWebViewDelegate: Navigation started when state=1
2013-09-02 16:10:47.271 DNN Times[2139:c07] Failed to load webpage with error: CDVWebViewDelegate: Navigation started when state=1
2013-09-02 16:10:47.273 DNN Times[2139:c07] Resetting plugins due to page load.
2013-09-02 16:10:47.654 DNN Times[2139:c07] Finished load of: http://dnn-times.com/public_lib/register_user
2013-09-02 16:11:11.378 DNN Times[2487:c07] Multi-tasking -> Device: YES, App: YES
2013-09-02 16:11:11.467 DNN Times[2487:c07] Resetting plugins due to page load.
2013-09-02 16:11:11.534 DNN Times[2487:c07] Finished load of: file:///Users/sumeetjain/Library/Application%20Support/iPhone%20Simulator/6.0/Applications/617EC01F-717A-4119-AC2D-0284043B4D6B/DNN%20Times.app/www/index.html
2013-09-02 16:11:11.535 DNN Times[2487:c07] Resetting plugins due to page load.
2013-09-02 16:11:11.672 DNN Times[2487:c07] Finished load of: file:///Users/sumeetjain/Library/Application%20Support/iPhone%20Simulator/6.0/Applications/617EC01F-717A-4119-AC2D-0284043B4D6B/DNN%20Times.app/www/main.html
Terminating in response to SpringBoard's termination.
